ACTA2
AIF1
AZU1
C1QA
C1QB
C1QC
CASR
CCL3
CCR2
CD14
CD163
CD177
CD19
CD1C
CD209
CD244
CD300E
CD3D
CD3E
CD3G
CD68
CD79A
CD79B
CDH1
CDH5
CLEC12A
COL1A1
COL1A2
COL3A1
CPA3
CSF1R
CSF2
Csf3r
Cyp11a1
DCN
Des
ELANE
EPCAM
Erbb2
FCGR3A
GP9
HBA1
HBA2
HBB
HBD
HBG1
HBG2
HBM
HBQ1
HBZ
HLA-DRA
IL7R
KIT
KRT18
KRT8
Kras
LTA4H
LY6G
LYZ
Lmod1
MPO
MRC1
MS4A2
Ms4a2
Mustn1
Myh11
Mylk
NCAM1
NCF1
NKG7
PDGFRA
PECAM1
PF4
POSTN
PPBP
PTH
Pcp4l1
Pl
Retnlg
S100A12
S100A4
S100A8
S100A9
SIGLECH
SORL1
SOX9
Slpi
Sncg
TPSAB1
TPSAB2
TPSB2
TUBB1
Tagln
VCAN
VWF
XCL2
flt3
ly6c2
plac8
